1/4/2017 12:35:17 PM, Info: Initializing SIMPLSharp Services...
1/4/2017 12:35:17 PM, Info: ProjectInfo successfully initialized.
1/4/2017 12:43:03 PM, Info: Validating assembly C:\Users\hvolmer\Desktop\working\pepperdash-simplsharp-core\Pepperdash Core\Pepperdash Core\bin\PepperDash_Core.dll...
1/4/2017 12:43:04 PM, Info: Verifying assembly C:\Users\hvolmer\Desktop\working\pepperdash-simplsharp-core\Pepperdash Core\Pepperdash Core\bin\PepperDash_Core.dll
1/4/2017 12:43:04 PM, Info: Creating Archive C:\Users\hvolmer\Desktop\working\pepperdash-simplsharp-core\Pepperdash Core\Pepperdash Core\bin\PepperDash_Core.clz...
1/4/2017 12:43:04 PM, Info: Saving project information...
1/4/2017 1:50:06 PM, Info: Validating assembly C:\Users\hvolmer\Desktop\working\pepperdash-simplsharp-core\Pepperdash Core\Pepperdash Core\bin\PepperDash_Core.dll...
1/4/2017 1:50:06 PM, Info: Verifying assembly C:\Users\hvolmer\Desktop\working\pepperdash-simplsharp-core\Pepperdash Core\Pepperdash Core\bin\PepperDash_Core.dll
1/4/2017 1:50:06 PM, Info: Creating Archive C:\Users\hvolmer\Desktop\working\pepperdash-simplsharp-core\Pepperdash Core\Pepperdash Core\bin\PepperDash_Core.clz...
1/4/2017 1:50:06 PM, Info: Saving project information...
1/4/2017 1:55:36 PM, Info: Validating assembly C:\Users\hvolmer\Desktop\working\pepperdash-simplsharp-core\Pepperdash Core\Pepperdash Core\bin\PepperDash_Core.dll...
1/4/2017 1:55:36 PM, Info: Verifying assembly C:\Users\hvolmer\Desktop\working\pepperdash-simplsharp-core\Pepperdash Core\Pepperdash Core\bin\PepperDash_Core.dll
1/4/2017 1:55:36 PM, Info: Creating Archive C:\Users\hvolmer\Desktop\working\pepperdash-simplsharp-core\Pepperdash Core\Pepperdash Core\bin\PepperDash_Core.clz...
1/4/2017 1:55:36 PM, Info: Saving project information...
1/4/2017 1:58:48 PM, Info: Validating assembly C:\Users\hvolmer\Desktop\working\pepperdash-simplsharp-core\Pepperdash Core\Pepperdash Core\bin\PepperDash_Core.dll...
1/4/2017 1:58:48 PM, Info: Verifying assembly C:\Users\hvolmer\Desktop\working\pepperdash-simplsharp-core\Pepperdash Core\Pepperdash Core\bin\PepperDash_Core.dll
1/4/2017 1:58:48 PM, Info: Creating Archive C:\Users\hvolmer\Desktop\working\pepperdash-simplsharp-core\Pepperdash Core\Pepperdash Core\bin\PepperDash_Core.clz...
1/4/2017 1:58:48 PM, Info: Saving project information...
1/4/2017 2:00:00 PM, Info: Validating assembly C:\Users\hvolmer\Desktop\working\pepperdash-simplsharp-core\Pepperdash Core\Pepperdash Core\bin\PepperDash_Core.dll...
1/4/2017 2:00:01 PM, Info: Verifying assembly C:\Users\hvolmer\Desktop\working\pepperdash-simplsharp-core\Pepperdash Core\Pepperdash Core\bin\PepperDash_Core.dll
1/4/2017 2:00:01 PM, Info: Creating Archive C:\Users\hvolmer\Desktop\working\pepperdash-simplsharp-core\Pepperdash Core\Pepperdash Core\bin\PepperDash_Core.clz...
1/4/2017 2:00:01 PM, Info: Saving project information...
1/4/2017 2:00:10 PM, Info: Validating assembly C:\Users\hvolmer\Desktop\working\pepperdash-simplsharp-core\Pepperdash Core\Pepperdash Core\bin\PepperDash_Core.dll...
1/4/2017 2:00:11 PM, Info: Verifying assembly C:\Users\hvolmer\Desktop\working\pepperdash-simplsharp-core\Pepperdash Core\Pepperdash Core\bin\PepperDash_Core.dll
1/4/2017 2:00:11 PM, Info: Creating Archive C:\Users\hvolmer\Desktop\working\pepperdash-simplsharp-core\Pepperdash Core\Pepperdash Core\bin\PepperDash_Core.clz...
1/4/2017 2:00:11 PM, Info: Saving project information...
1/4/2017 2:00:32 PM, Info: Validating assembly C:\Users\hvolmer\Desktop\working\pepperdash-simplsharp-core\Pepperdash Core\Pepperdash Core\bin\PepperDash_Core.dll...
1/4/2017 2:00:32 PM, Info: Verifying assembly C:\Users\hvolmer\Desktop\working\pepperdash-simplsharp-core\Pepperdash Core\Pepperdash Core\bin\PepperDash_Core.dll
1/4/2017 2:00:32 PM, Info: Creating Archive C:\Users\hvolmer\Desktop\working\pepperdash-simplsharp-core\Pepperdash Core\Pepperdash Core\bin\PepperDash_Core.clz...
1/4/2017 2:00:33 PM, Info: Saving project information...
1/4/2017 2:18:17 PM, Info: Validating assembly C:\Users\hvolmer\Desktop\working\pepperdash-simplsharp-core\Pepperdash Core\Pepperdash Core\bin\PepperDash_Core.dll...
1/4/2017 2:18:18 PM, Info: Verifying assembly C:\Users\hvolmer\Desktop\working\pepperdash-simplsharp-core\Pepperdash Core\Pepperdash Core\bin\PepperDash_Core.dll
1/4/2017 2:18:18 PM, Info: Creating Archive C:\Users\hvolmer\Desktop\working\pepperdash-simplsharp-core\Pepperdash Core\Pepperdash Core\bin\PepperDash_Core.clz...
1/4/2017 2:18:18 PM, Info: Saving project information...
1/4/2017 2:31:43 PM, Info: Validating assembly C:\Users\hvolmer\Desktop\working\pepperdash-simplsharp-core\Pepperdash Core\Pepperdash Core\bin\PepperDash_Core.dll...
1/4/2017 2:31:43 PM, Info: Verifying assembly C:\Users\hvolmer\Desktop\working\pepperdash-simplsharp-core\Pepperdash Core\Pepperdash Core\bin\PepperDash_Core.dll
1/4/2017 2:31:43 PM, Info: Creating Archive C:\Users\hvolmer\Desktop\working\pepperdash-simplsharp-core\Pepperdash Core\Pepperdash Core\bin\PepperDash_Core.clz...
1/4/2017 2:31:44 PM, Info: Saving project information...
1/4/2017 2:41:56 PM, Info: Terminating SIMPLSharp Services
