2/15/2017 4:07:21 PM, Info: Initializing SIMPLSharp Services...
2/15/2017 4:07:21 PM, Info: ProjectInfo successfully initialized.
2/15/2017 4:07:49 PM, Info: Saving project information...
2/15/2017 4:07:49 PM, Info: Saving project information...
2/15/2017 4:07:49 PM, Info: Saving project information...
2/15/2017 4:07:49 PM, Info: Saving project information...
2/15/2017 4:07:51 PM, Info: Validating assembly C:\Users\hvolmer\Desktop\working\pepperdash-simplsharp-core\Pepperdash Core\Pepperdash Core\bin\PepperDash_Core.dll...
2/15/2017 4:07:51 PM, Info: Verifying assembly C:\Users\hvolmer\Desktop\working\pepperdash-simplsharp-core\Pepperdash Core\Pepperdash Core\bin\PepperDash_Core.dll
2/15/2017 4:07:52 PM, Info: Creating Archive C:\Users\hvolmer\Desktop\working\pepperdash-simplsharp-core\Pepperdash Core\Pepperdash Core\bin\PepperDash_Core.clz...
2/15/2017 4:07:52 PM, Info: Saving project information...
2/15/2017 4:08:11 PM, Info: Validating assembly C:\Users\hvolmer\Desktop\working\pepperdash-simplsharp-core\Pepperdash Core\Pepperdash Core\bin\PepperDash_Core.dll...
2/15/2017 4:08:11 PM, Info: Verifying assembly C:\Users\hvolmer\Desktop\working\pepperdash-simplsharp-core\Pepperdash Core\Pepperdash Core\bin\PepperDash_Core.dll
2/15/2017 4:08:11 PM, Info: Creating Archive C:\Users\hvolmer\Desktop\working\pepperdash-simplsharp-core\Pepperdash Core\Pepperdash Core\bin\PepperDash_Core.clz...
2/15/2017 4:08:11 PM, Info: Saving project information...
2/15/2017 4:08:45 PM, Info: Validating assembly C:\Users\hvolmer\Desktop\working\pepperdash-simplsharp-core\Pepperdash Core\Pepperdash Core\bin\PepperDash_Core.dll...
2/15/2017 4:08:45 PM, Info: Verifying assembly C:\Users\hvolmer\Desktop\working\pepperdash-simplsharp-core\Pepperdash Core\Pepperdash Core\bin\PepperDash_Core.dll
2/15/2017 4:08:45 PM, Info: Creating Archive C:\Users\hvolmer\Desktop\working\pepperdash-simplsharp-core\Pepperdash Core\Pepperdash Core\bin\PepperDash_Core.clz...
2/15/2017 4:08:46 PM, Info: Saving project information...
2/15/2017 4:12:17 PM, Info: Saving project information...
2/15/2017 4:12:17 PM, Info: Saving project information...
2/15/2017 4:15:10 PM, Info: Saving project information...
2/15/2017 4:15:10 PM, Info: Saving project information...
2/15/2017 4:15:10 PM, Info: Saving project information...
2/15/2017 4:15:10 PM, Info: Saving project information...
2/15/2017 4:15:11 PM, Info: Validating assembly C:\Users\hvolmer\Desktop\working\pepperdash-simplsharp-core\Pepperdash Core\Pepperdash Core\bin\PepperDash_Core.dll...
2/15/2017 4:15:11 PM, Info: Verifying assembly C:\Users\hvolmer\Desktop\working\pepperdash-simplsharp-core\Pepperdash Core\Pepperdash Core\bin\PepperDash_Core.dll
2/15/2017 4:15:11 PM, Info: Creating Archive C:\Users\hvolmer\Desktop\working\pepperdash-simplsharp-core\Pepperdash Core\Pepperdash Core\bin\PepperDash_Core.clz...
2/15/2017 4:15:12 PM, Info: Saving project information...
2/15/2017 4:16:08 PM, Info: Terminating SIMPLSharp Services
