2/21/2017 1:03:05 PM, Info: Initializing SIMPLSharp Services...
2/21/2017 1:03:05 PM, Info: ProjectInfo successfully initialized.
2/21/2017 1:07:59 PM, Info: Saving project information...
2/21/2017 1:07:59 PM, Info: Saving project information...
2/21/2017 1:08:34 PM, Info: Saving project information...
2/21/2017 1:08:34 PM, Info: Saving project information...
2/21/2017 1:08:34 PM, Info: Saving project information...
2/21/2017 1:08:34 PM, Info: Saving project information...
2/21/2017 1:08:36 PM, Info: Validating assembly C:\Users\hvolmer\Desktop\working\pepperdash-simplsharp-core\Pepperdash Core\Pepperdash Core\bin\PepperDash_Core.dll...
2/21/2017 1:08:37 PM, Info: Verifying assembly C:\Users\hvolmer\Desktop\working\pepperdash-simplsharp-core\Pepperdash Core\Pepperdash Core\bin\PepperDash_Core.dll
2/21/2017 1:08:37 PM, Info: Creating Archive C:\Users\hvolmer\Desktop\working\pepperdash-simplsharp-core\Pepperdash Core\Pepperdash Core\bin\PepperDash_Core.clz...
2/21/2017 1:08:38 PM, Info: Saving project information...
2/21/2017 1:10:56 PM, Info: Validating assembly C:\Users\hvolmer\Desktop\working\pepperdash-simplsharp-core\Pepperdash Core\Pepperdash Core\bin\PepperDash_Core.dll...
2/21/2017 1:10:56 PM, Info: Verifying assembly C:\Users\hvolmer\Desktop\working\pepperdash-simplsharp-core\Pepperdash Core\Pepperdash Core\bin\PepperDash_Core.dll
2/21/2017 1:10:56 PM, Info: Creating Archive C:\Users\hvolmer\Desktop\working\pepperdash-simplsharp-core\Pepperdash Core\Pepperdash Core\bin\PepperDash_Core.clz...
2/21/2017 1:10:56 PM, Info: Saving project information...
2/21/2017 1:18:40 PM, Info: Validating assembly C:\Users\hvolmer\Desktop\working\pepperdash-simplsharp-core\Pepperdash Core\Pepperdash Core\bin\PepperDash_Core.dll...
2/21/2017 1:18:41 PM, Info: Verifying assembly C:\Users\hvolmer\Desktop\working\pepperdash-simplsharp-core\Pepperdash Core\Pepperdash Core\bin\PepperDash_Core.dll
2/21/2017 1:18:41 PM, Info: Creating Archive C:\Users\hvolmer\Desktop\working\pepperdash-simplsharp-core\Pepperdash Core\Pepperdash Core\bin\PepperDash_Core.clz...
2/21/2017 1:18:41 PM, Info: Saving project information...
2/21/2017 2:28:05 PM, Info: Validating assembly C:\Users\hvolmer\Desktop\working\pepperdash-simplsharp-core\Pepperdash Core\Pepperdash Core\bin\PepperDash_Core.dll...
2/21/2017 2:28:06 PM, Info: Verifying assembly C:\Users\hvolmer\Desktop\working\pepperdash-simplsharp-core\Pepperdash Core\Pepperdash Core\bin\PepperDash_Core.dll
2/21/2017 2:28:06 PM, Info: Creating Archive C:\Users\hvolmer\Desktop\working\pepperdash-simplsharp-core\Pepperdash Core\Pepperdash Core\bin\PepperDash_Core.clz...
2/21/2017 2:28:06 PM, Info: Saving project information...
2/21/2017 2:28:40 PM, Info: Validating assembly C:\Users\hvolmer\Desktop\working\pepperdash-simplsharp-core\Pepperdash Core\Pepperdash Core\bin\PepperDash_Core.dll...
2/21/2017 2:28:40 PM, Info: Verifying assembly C:\Users\hvolmer\Desktop\working\pepperdash-simplsharp-core\Pepperdash Core\Pepperdash Core\bin\PepperDash_Core.dll
2/21/2017 2:28:40 PM, Info: Creating Archive C:\Users\hvolmer\Desktop\working\pepperdash-simplsharp-core\Pepperdash Core\Pepperdash Core\bin\PepperDash_Core.clz...
2/21/2017 2:28:40 PM, Info: Saving project information...
2/21/2017 4:31:01 PM, Info: Terminating SIMPLSharp Services
