1/4/2017 9:38:26 AM, Info: Initializing SIMPLSharp Services...
1/4/2017 9:38:27 AM, Info: ProjectInfo successfully initialized.
1/4/2017 9:48:06 AM, Info: Saving project information...
1/4/2017 9:48:06 AM, Info: Saving project information...
1/4/2017 9:50:00 AM, Info: Saving project information...
1/4/2017 9:50:00 AM, Info: Saving project information...
1/4/2017 9:50:00 AM, Info: Saving project information...
1/4/2017 9:50:00 AM, Info: Saving project information...
1/4/2017 9:50:01 AM, Info: Validating assembly C:\Users\hvolmer\Desktop\working\pepperdash-simplsharp-core\Pepperdash Core\Pepperdash Core\bin\PepperDash_Core.dll...
1/4/2017 9:50:02 AM, Info: Verifying assembly C:\Users\hvolmer\Desktop\working\pepperdash-simplsharp-core\Pepperdash Core\Pepperdash Core\bin\PepperDash_Core.dll
1/4/2017 9:50:02 AM, Info: Creating Archive C:\Users\hvolmer\Desktop\working\pepperdash-simplsharp-core\Pepperdash Core\Pepperdash Core\bin\PepperDash_Core.clz...
1/4/2017 9:50:02 AM, Info: Saving project information...
1/4/2017 10:37:54 AM, Info: Saving project information...
1/4/2017 10:37:54 AM, Info: Saving project information...
1/4/2017 10:37:54 AM, Info: Saving project information...
1/4/2017 10:37:54 AM, Info: Saving project information...
1/4/2017 10:37:54 AM, Info: Validating assembly C:\Users\hvolmer\Desktop\working\pepperdash-simplsharp-core\Pepperdash Core\Pepperdash Core\bin\PepperDash_Core.dll...
1/4/2017 10:37:55 AM, Info: Verifying assembly C:\Users\hvolmer\Desktop\working\pepperdash-simplsharp-core\Pepperdash Core\Pepperdash Core\bin\PepperDash_Core.dll
1/4/2017 10:37:55 AM, Info: Creating Archive C:\Users\hvolmer\Desktop\working\pepperdash-simplsharp-core\Pepperdash Core\Pepperdash Core\bin\PepperDash_Core.clz...
1/4/2017 10:37:55 AM, Info: Saving project information...
1/4/2017 10:44:01 AM, Info: Saving project information...
1/4/2017 10:44:01 AM, Info: Saving project information...
1/4/2017 10:44:01 AM, Info: Saving project information...
1/4/2017 10:44:01 AM, Info: Saving project information...
1/4/2017 10:44:02 AM, Info: Validating assembly C:\Users\hvolmer\Desktop\working\pepperdash-simplsharp-core\Pepperdash Core\Pepperdash Core\bin\PepperDash_Core.dll...
1/4/2017 10:44:02 AM, Info: Verifying assembly C:\Users\hvolmer\Desktop\working\pepperdash-simplsharp-core\Pepperdash Core\Pepperdash Core\bin\PepperDash_Core.dll
1/4/2017 10:44:02 AM, Info: Creating Archive C:\Users\hvolmer\Desktop\working\pepperdash-simplsharp-core\Pepperdash Core\Pepperdash Core\bin\PepperDash_Core.clz...
1/4/2017 10:44:03 AM, Info: Saving project information...
1/4/2017 11:06:47 AM, Info: Terminating SIMPLSharp Services
