1/6/2017 7:51:29 AM, Info: Initializing SIMPLSharp Services...
1/6/2017 7:51:29 AM, Info: ProjectInfo successfully initialized.
1/6/2017 7:56:04 AM, Info: Saving project information...
1/6/2017 7:56:04 AM, Info: Saving project information...
1/6/2017 8:01:04 AM, Info: Saving project information...
1/6/2017 8:01:04 AM, Info: Saving project information...
1/6/2017 8:06:04 AM, Info: Saving project information...
1/6/2017 8:06:04 AM, Info: Saving project information...
1/6/2017 8:11:04 AM, Info: Saving project information...
1/6/2017 8:11:04 AM, Info: Saving project information...
1/6/2017 8:16:04 AM, Info: Saving project information...
1/6/2017 8:16:04 AM, Info: Saving project information...
1/6/2017 8:21:04 AM, Info: Saving project information...
1/6/2017 8:21:04 AM, Info: Saving project information...
1/6/2017 8:26:04 AM, Info: Saving project information...
1/6/2017 8:26:04 AM, Info: Saving project information...
1/6/2017 8:31:04 AM, Info: Saving project information...
1/6/2017 8:31:04 AM, Info: Saving project information...
1/6/2017 8:36:04 AM, Info: Saving project information...
1/6/2017 8:36:04 AM, Info: Saving project information...
1/6/2017 8:41:04 AM, Info: Saving project information...
1/6/2017 8:41:04 AM, Info: Saving project information...
1/6/2017 8:42:25 AM, Info: Saving project information...
1/6/2017 8:42:25 AM, Info: Saving project information...
1/6/2017 8:42:25 AM, Info: Saving project information...
1/6/2017 8:42:25 AM, Info: Saving project information...
1/6/2017 8:42:37 AM, Info: Validating assembly C:\Users\hvolmer\Desktop\working\pepperdash-simplsharp-core\Pepperdash Core\Pepperdash Core\bin\PepperDash_Core.dll...
1/6/2017 8:42:38 AM, Info: Verifying assembly C:\Users\hvolmer\Desktop\working\pepperdash-simplsharp-core\Pepperdash Core\Pepperdash Core\bin\PepperDash_Core.dll
1/6/2017 8:42:38 AM, Info: Creating Archive C:\Users\hvolmer\Desktop\working\pepperdash-simplsharp-core\Pepperdash Core\Pepperdash Core\bin\PepperDash_Core.clz...
1/6/2017 8:42:38 AM, Info: Saving project information...
1/6/2017 8:43:40 AM, Info: Validating assembly C:\Users\hvolmer\Desktop\working\pepperdash-simplsharp-core\Pepperdash Core\Pepperdash Core\bin\PepperDash_Core.dll...
1/6/2017 8:43:41 AM, Info: Verifying assembly C:\Users\hvolmer\Desktop\working\pepperdash-simplsharp-core\Pepperdash Core\Pepperdash Core\bin\PepperDash_Core.dll
1/6/2017 8:43:41 AM, Info: Creating Archive C:\Users\hvolmer\Desktop\working\pepperdash-simplsharp-core\Pepperdash Core\Pepperdash Core\bin\PepperDash_Core.clz...
1/6/2017 8:43:41 AM, Info: Saving project information...
1/6/2017 8:51:04 AM, Info: Saving project information...
1/6/2017 8:51:04 AM, Info: Saving project information...
1/6/2017 8:53:45 AM, Info: Saving project information...
1/6/2017 8:53:45 AM, Info: Saving project information...
1/6/2017 8:53:45 AM, Info: Saving project information...
1/6/2017 8:53:45 AM, Info: Saving project information...
1/6/2017 8:53:46 AM, Info: Validating assembly C:\Users\hvolmer\Desktop\working\pepperdash-simplsharp-core\Pepperdash Core\Pepperdash Core\bin\PepperDash_Core.dll...
1/6/2017 8:53:46 AM, Info: Verifying assembly C:\Users\hvolmer\Desktop\working\pepperdash-simplsharp-core\Pepperdash Core\Pepperdash Core\bin\PepperDash_Core.dll
1/6/2017 8:53:46 AM, Info: Creating Archive C:\Users\hvolmer\Desktop\working\pepperdash-simplsharp-core\Pepperdash Core\Pepperdash Core\bin\PepperDash_Core.clz...
1/6/2017 8:53:47 AM, Info: Saving project information...
1/6/2017 12:09:25 PM, Info: Terminating SIMPLSharp Services
